C51 COMPILER V9.54   MODULE2                                                               02/29/2016 18:48:41 PAGE 1   


C51 COMPILER V9.54, COMPILATION OF MODULE MODULE2
OBJECT MODULE PLACED IN .\Objects\module2.obj
COMPILER INVOKED BY: C:\Keil_v5\C51\BIN\C51.EXE module2.c OPTIMIZE(8,SPEED) BROWSE DEBUG OBJECTEXTEND PRINT(.\Listings\m
                    -odule2.lst) TABS(2) OBJECT(.\Objects\module2.obj)

line level    source

   1          #include<reg51.h>
   2          sfr l_data=0x90;
   3          sbit rs=P2^2;
   4          sbit rw=P2^1;
   5          sbit e=P2^0;
   6          sbit ledr=P2^3;
   7          sbit ledg=P2^4;
   8          sbit relay=P2^7;
   9          sbit sw=P2^6;
  10          unsigned char rdata1[12];
  11          unsigned char rdata2[30];
  12          void cmd(unsigned int value);
  13          void disp(unsigned int value);
  14          void delay(unsigned int k);
  15          void print(unsigned char ch[]);
  16          void init();
  17          void srinitialize();
  18          void start();
  19          void puts(char* p);
  20          void putc(unsigned char chr);
  21          void recieve1();
  22          void recieve2();
  23          void main()
  24          {
  25   1        int i=0,a=0,b=0,c=0,d=0;
  26   1        relay=0;
  27   1        dist=0x00;
*** ERROR C202 IN LINE 27 OF module2.c: 'dist': undefined identifier
  28   1        init();
  29   1        start();
  30   1        srinitialize();
  31   1        delay(4000);
  32   1        cmd(0x01);
  33   1        delay(2);
  34   1        cmd(0x80);
  35   1        delay(2);
  36   1        print("AT COMMANDS");
  37   1        delay(5000);
  38   1        puts("AT+CIPSHUT\r");
  39   1        delay(100);
  40   1        puts("AT+CIPMUX=0\r");
  41   1        delay(100);
  42   1        puts("AT+CGATT=1\r");
  43   1        delay(100);
  44   1        puts("AT+CSTT=\"TATA.DOCOMO.INTERNET\",\"\",\"\"\r");
  45   1        delay(100);
  46   1        puts("AT+CIICR\r");
  47   1        delay(1000);
  48   1        puts("AT+CIFSR\r");
  49   1        delay(100);
  50   1        puts("AT+SAPBR=1,1\r");
  51   1        delay(1000);
  52   1        puts("AT+HTTPINIT\r");
  53   1        delay(100);
C51 COMPILER V9.54   MODULE2                                                               02/29/2016 18:48:41 PAGE 2   

  54   1       while(1)
  55   1       {
  56   2         relay=0;
  57   2         ledr=ledg=0;
  58   2         cmd(0x01);
  59   2         delay(10);
  60   2         cmd(0x80);
  61   2         delay(10);
  62   2         print("SCAN YOUR CARD");
  63   2         recieve1();
  64   2         puts("AT+HTTPPARA=\"URL\",\"http://techachiever.com/ibus.php?taid='");
  65   2         puts(rdata1);
  66   2         puts("'&frm=100&dist=");
  67   2         putc(dist);
*** ERROR C202 IN LINE 67 OF module2.c: 'dist': undefined identifier
  68   2         puts("\r");
  69   2         delay(100);
  70   2         puts("AT+HTTPACTION=0\r");
  71   2         cmd(0x01);
  72   2         delay(10);
  73   2         cmd(0x80);
  74   2         delay(10);
  75   2         print("CARD SCANNED");
  76   2         delay(2000);
  77   2         relay=1;
  78   2         puts("AT+HTTPREAD\r");
  79   2         recieve2();
  80   2         if(rdata2[28]==52)
  81   2         {
  82   3           ledr=1;
  83   3           cmd(0x01);
  84   3           delay(10);
  85   3           cmd(0x80);
  86   3           delay(10);
  87   3           print("INVALID CARD");
  88   3         }
  89   2         if(rdata2[28]==49)
  90   2         {
  91   3           ledr=1;
  92   3           cmd(0x01);
  93   3           delay(10);
  94   3           cmd(0x80);
  95   3           delay(10);
  96   3           print("WELCOME TO");
  97   3           cmd(0xC0);
  98   3           delay(10);
  99   3           print("TELE-RICKSHAW");
 100   3         }
 101   2         if(rdata2[28]==50)
 102   2         {
 103   3           ledr=1;
 104   3           cmd(0x01);
 105   3           delay(10);
 106   3           cmd(0x80);
 107   3           delay(10);
 108   3           print("YOU DON'T HAVE");
 109   3           delay(10);
 110   3           cmd(0xc0);
 111   3           delay(10);
 112   3           print("ENOUGH BALANCE");
 113   3         }
 114   2         if(rdata2[28]==51)
C51 COMPILER V9.54   MODULE2                                                               02/29/2016 18:48:41 PAGE 3   

 115   2         {
 116   3           ledr=1;
 117   3           cmd(0x01);
 118   3           delay(10);
 119   3           cmd(0x80);
 120   3           delay(10);
 121   3           print("THANKS");
 122   3           delay(10);
 123   3           cmd(0xc0);
 124   3           delay(10);
 125   3           print("DISTANCE=");
 126   3           disp(a+48);
 127   3           disp(b+48);
 128   3           disp(c+48);
 129   3           disp(d+48);
 130   3           print(" M");
 131   3         }
 132   2         else
 133   2         {
 134   3           cmd(0x01);
 135   3           delay(10);
 136   3           cmd(0x80);
 137   3           delay(10);
 138   3           print("SERVER ERROR");
 139   3         }
 140   2          delay(1500);
 141   2       }
 142   1       }
 143          void recieve1()    
 144          {
 145   1          unsigned char k;
 146   1           for(k=0;k<12;k++)
 147   1           { 
 148   2               while(RI==0); 
 149   2                rdata1[k]=SBUF;
 150   2                RI=0;
 151   2          }
 152   1      }
 153          void recieve2()    
 154          {
 155   1          unsigned char k;
 156   1           for(k=0;k<30;k++)
 157   1           { 
 158   2               while(RI==0); 
 159   2                rdata2[k]=SBUF;
 160   2                RI=0;
 161   2          }
 162   1      }
 163          void puts(char* p)
 164          {
 165   1       char *temp = p;         
 166   1       while(*temp != 0x00)
 167   1       {
 168   2        putc(*temp);  
 169   2        temp++;
 170   2       } 
 171   1      }
 172          
 173          void putc(unsigned char chr)
 174          {
 175   1       SBUF = chr;
 176   1       while(TI==0);          
C51 COMPILER V9.54   MODULE2                                                               02/29/2016 18:48:41 PAGE 4   

 177   1       TI=0;                   
 178   1      }
 179          void start()
 180          {
 181   1        cmd(0x80);
 182   1       delay(10);
 183   1       print("GETTING STARTED");
 184   1       cmd(0xc0);
 185   1       delay(10);
 186   1       print("GSM TESTING....");
 187   1       delay(30);
 188   1      }
 189          void init()
 190          {
 191   1        cmd(0x38);
 192   1       delay(10);
 193   1       cmd(0x01);
 194   1       delay(10);
 195   1       cmd(0x0e);
 196   1       delay(10);
 197   1       cmd(0x06);
 198   1       delay(10);
 199   1      }
 200          void srinitialize()
 201          {
 202   1       SCON  = 0x50;   
 203   1       TMOD  = 0x20;  
 204   1       TH1   = 0xFD;  
 205   1       TR1   = 1;     
 206   1      }
 207           void print(unsigned char ch[])
 208           {
 209   1       int i=0;
 210   1       while(ch[i]!='\0')
 211   1       {
 212   2       disp(ch[i]);
 213   2       i++;
 214   2       }
 215   1       }
 216           void cmd(unsigned int value)
 217           {
 218   1        l_data=value;
 219   1        rs=0;
 220   1        rw=0;
 221   1        e=1;
 222   1        delay(1);
 223   1        e=0;
 224   1        }
 225            void disp(unsigned int value)
 226            {
 227   1         l_data=value;
 228   1         rs=1;
 229   1         rw=0;
 230   1         e=1;
 231   1         delay(1);
 232   1         e=0;       
 233   1         }
 234             void delay(unsigned int k)
 235             {
 236   1          unsigned int i,j;
 237   1        for(i=0;i<=k;i++)
 238   1        for(j=0;j<1275;j++);
C51 COMPILER V9.54   MODULE2                                                               02/29/2016 18:48:41 PAGE 5   

 239   1        }

C51 COMPILATION COMPLETE.  0 WARNING(S),  2 ERROR(S)
