C51 COMPILER V9.54   SPEEDO                                                                02/29/2016 19:44:18 PAGE 1   


C51 COMPILER V9.54, COMPILATION OF MODULE SPEEDO
OBJECT MODULE PLACED IN .\Objects\speedo.obj
COMPILER INVOKED BY: C:\Keil_v5\C51\BIN\C51.EXE speedo.c OPTIMIZE(8,SPEED) BROWSE DEBUG OBJECTEXTEND PRINT(.\Listings\sp
                    -eedo.lst) TABS(2) OBJECT(.\Objects\speedo.obj)

line level    source

   1          #include<reg51.h>
   2          sbit sw=P1^0;
   3          void main()
   4          {
   5   1        unsigned int i=0;
   6   1        sw=0;
   7   1        while(1)
   8   1        {
   9   2          if(sw==1)
  10   2          {
  11   3            i++;
  12   3          while(sw==1);
  13   3          }
  14   2          P2=i*30;
  15   2        }
  16   1      }


MODULE INFORMATION:   STATIC OVERLAYABLE
   CODE SIZE        =     25    ----
   CONSTANT SIZE    =   ----    ----
   XDATA SIZE       =   ----    ----
   PDATA SIZE       =   ----    ----
   DATA SIZE        =   ----    ----
   IDATA SIZE       =   ----    ----
   BIT SIZE         =   ----    ----
END OF MODULE INFORMATION.


C51 COMPILATION COMPLETE.  0 WARNING(S),  0 ERROR(S)
